<?xml version="1.0" encoding="UTF-8"?>
<!-- Generated by org.testng.reporters.JUnitXMLReporter -->
<testsuite ignored="0" hostname="DESKTOP-0HNT2E6" failures="0" tests="5" name="SanityTest" time="59.77" errors="0" timestamp="2021-02-01T20:27:27 BOT">
  <testcase classname="com.automationpractice.RemoveItemToSCart" name="basePageNavigation" time="14.474"/>
  <testcase classname="com.automationpractice.AddItemToSCart" name="basePageNavigation" time="12.292"/>
  <testcase classname="com.automationpractice.ValidateStoreInformation" name="basePageNavigation" time="8.495"/>
  <testcase classname="com.automationpractice.SearchItems" name="basePageNavigation" time="12.115"/>
  <testcase classname="com.automationpractice.SearchItems" name="basePageNavigation" time="12.275"/>
</testsuite> <!-- SanityTest -->
