<?xml version="1.0" encoding="UTF-8"?>
<!-- Generated by org.testng.reporters.JUnitXMLReporter -->
<testsuite ignored="0" hostname="DESKTOP-0HNT2E6" failures="0" tests="5" name="Test" time="105.563" errors="0" timestamp="2021-02-01T20:32:48 BOT">
  <testcase classname="com.automationpractice.RemoveItemToSCart" name="basePageNavigation" time="28.333"/>
  <testcase classname="com.automationpractice.AddItemToSCart" name="basePageNavigation" time="33.72"/>
  <testcase classname="com.automationpractice.ValidateStoreInformation" name="basePageNavigation" time="13.101"/>
  <testcase classname="com.automationpractice.SearchItems" name="basePageNavigation" time="21.042"/>
  <testcase classname="com.automationpractice.SearchItems" name="basePageNavigation" time="9.251"/>
</testsuite> <!-- Test -->
